[2025-03-29 19:05:42] WARNING - RPi GPIO failed, using null driver.
[2025-03-29 19:05:42] WARNING - Module rpi_ws281x not found, using null driver.
[2025-03-29 19:05:42] WARNING - Module spidev not found.
[2025-03-29 19:05:43] INFO - Starting development server for Illumino web interface
[2025-03-29 19:05:43] INFO - Platform detection: Raspberry Pi = False, Development mode = True
[2025-03-29 19:05:43] WARNING - Can't load settings file, restoring defaults
[2025-03-29 19:05:43] INFO - no play port
[2025-03-29 19:05:43] INFO - Platform detection: Raspberry Pi = False, Development mode = True
[2025-03-29 19:05:43] INFO - Initialized LED strip emulator with 176 pixels
[2025-03-29 19:05:43] INFO - LED strip emulator began
[2025-03-29 19:05:43] ERROR - Unhandled Exception: 
Traceback (most recent call last):
  File "C:\Users\almog\Projects\Illumino\Illumino\dev_server.py", line 85, in <module>
    main()
    ~~~~^^
  File "C:\Users\almog\Projects\Illumino\Illumino\dev_server.py", line 53, in main
    component_initializer = ComponentInitializer(illumino_args)
  File "C:\Users\almog\Projects\Illumino\Illumino\lib\component_initializer.py", line 26, in __init__
    self.hotspot = Hotspot(self.platform)
                   ~~~~~~~^^^^^^^^^^^^^^^
  File "C:\Users\almog\Projects\Illumino\Illumino\lib\platform.py", line 19, in __init__
    subprocess.run("sudo chmod a+rwxX -R /home/Piano-LED-Visualizer/", shell=True, check=True)
    ~~~~~~~~~~~~~~^^^^^^^^^^^^^^^^^^^^^^^^^^^^^^^^^^^^^^^^^^^^^^^^^^^^^^^^^^^^^^^^^^^^^^^^^^^^
  File "C:\Program Files\WindowsApps\PythonSoftwareFoundation.Python.3.13_3.13.752.0_x64__qbz5n2kfra8p0\Lib\subprocess.py", line 579, in run
    raise CalledProcessError(retcode, process.args,
                             output=stdout, stderr=stderr)
subprocess.CalledProcessError: Command 'sudo chmod a+rwxX -R /home/Piano-LED-Visualizer/' returned non-zero exit status 9009.
[2025-03-29 19:06:17] WARNING - RPi GPIO failed, using null driver.
[2025-03-29 19:06:17] WARNING - Module rpi_ws281x not found, using null driver.
[2025-03-29 19:06:17] WARNING - Module spidev not found.
[2025-03-29 19:06:17] INFO - Starting development server for Illumino web interface
[2025-03-29 19:06:17] INFO - Platform detection: Raspberry Pi = False, Development mode = True
[2025-03-29 19:06:17] INFO - no play port
[2025-03-29 19:06:17] INFO - Platform detection: Raspberry Pi = False, Development mode = True
[2025-03-29 19:06:17] INFO - Initialized LED strip emulator with 176 pixels
[2025-03-29 19:06:17] INFO - LED strip emulator began
[2025-03-29 19:06:17] ERROR - Unhandled Exception: 
Traceback (most recent call last):
  File "C:\Users\almog\Projects\Illumino\Illumino\dev_server.py", line 85, in <module>
    main()
    ~~~~^^
  File "C:\Users\almog\Projects\Illumino\Illumino\dev_server.py", line 53, in main
    component_initializer = ComponentInitializer(illumino_args)
  File "C:\Users\almog\Projects\Illumino\Illumino\lib\component_initializer.py", line 26, in __init__
    self.hotspot = Hotspot(self.platform)
                   ~~~~~~~^^^^^^^^^^^^^^^
  File "C:\Users\almog\Projects\Illumino\Illumino\lib\platform.py", line 19, in __init__
    subprocess.run("sudo chmod a+rwxX -R /home/Piano-LED-Visualizer/", shell=True, check=True)
    ~~~~~~~~~~~~~~^^^^^^^^^^^^^^^^^^^^^^^^^^^^^^^^^^^^^^^^^^^^^^^^^^^^^^^^^^^^^^^^^^^^^^^^^^^^
  File "C:\Program Files\WindowsApps\PythonSoftwareFoundation.Python.3.13_3.13.752.0_x64__qbz5n2kfra8p0\Lib\subprocess.py", line 579, in run
    raise CalledProcessError(retcode, process.args,
                             output=stdout, stderr=stderr)
subprocess.CalledProcessError: Command 'sudo chmod a+rwxX -R /home/Piano-LED-Visualizer/' returned non-zero exit status 9009.
[2025-03-29 19:10:34] WARNING - RPi GPIO failed, using null driver.
[2025-03-29 19:10:34] WARNING - Module rpi_ws281x not found, using null driver.
[2025-03-29 19:10:34] WARNING - Module spidev not found.
[2025-03-29 19:10:34] INFO - Starting development server for Illumino web interface
[2025-03-29 19:10:34] INFO - Platform detection: Raspberry Pi = False, Development mode = True
[2025-03-29 19:10:34] INFO - Platform detection: Raspberry Pi = False, Development mode = True
[2025-03-29 19:10:34] INFO - Platform detection: Raspberry Pi = False, Development mode = True
[2025-03-29 19:10:34] INFO - Platform detection: Raspberry Pi = False, Development mode = True
[2025-03-29 19:10:34] INFO - Using null platform implementation
[2025-03-29 19:10:34] INFO - no play port
[2025-03-29 19:10:34] INFO - Platform detection: Raspberry Pi = False, Development mode = True
[2025-03-29 19:10:34] INFO - Initialized LED strip emulator with 176 pixels
[2025-03-29 19:10:34] INFO - LED strip emulator began
[2025-03-29 19:10:34] ERROR - Unhandled Exception: 
Traceback (most recent call last):
  File "C:\Users\almog\Projects\Illumino\Illumino\dev_server.py", line 85, in <module>
    main()
    ~~~~^^
  File "C:\Users\almog\Projects\Illumino\Illumino\dev_server.py", line 53, in main
    component_initializer = ComponentInitializer(illumino_args)
  File "C:\Users\almog\Projects\Illumino\Illumino\lib\component_initializer.py", line 36, in __init__
    self.menu = MenuLCD("config/menu.xml", self.args, self.usersettings, self.ledsettings,
                ~~~~~~~^^^^^^^^^^^^^^^^^^^^^^^^^^^^^^^^^^^^^^^^^^^^^^^^^^^^^^^^^^^^^^^^^^^
                        self.ledstrip, self.learning, self.saving, self.midiports,
                        ^^^^^^^^^^^^^^^^^^^^^^^^^^^^^^^^^^^^^^^^^^^^^^^^^^^^^^^^^^
                        self.hotspot, self.platform)
                        ^^^^^^^^^^^^^^^^^^^^^^^^^^^^
  File "C:\Users\almog\Projects\Illumino\Illumino\lib\menulcd.py", line 39, in __init__
    raise RuntimeError("Cannot locate font file: %s" % self.lcd_ttf)
RuntimeError: Cannot locate font file: /usr/share/fonts/truetype/freefont/FreeSansBold.ttf
[2025-03-29 19:11:44] WARNING - RPi GPIO failed, using null driver.
[2025-03-29 19:11:44] WARNING - Module rpi_ws281x not found, using null driver.
[2025-03-29 19:11:44] WARNING - Module spidev not found.
[2025-03-29 19:11:44] INFO - Starting development server for Illumino web interface
[2025-03-29 19:11:44] INFO - Platform detection: Raspberry Pi = False, Development mode = True
[2025-03-29 19:11:44] INFO - Platform detection: Raspberry Pi = False, Development mode = True
[2025-03-29 19:11:44] INFO - Platform detection: Raspberry Pi = False, Development mode = True
[2025-03-29 19:11:44] INFO - Platform detection: Raspberry Pi = False, Development mode = True
[2025-03-29 19:11:44] INFO - Using null platform implementation
[2025-03-29 19:11:44] INFO - no play port
[2025-03-29 19:11:44] INFO - Platform detection: Raspberry Pi = False, Development mode = True
[2025-03-29 19:11:44] INFO - Initialized LED strip emulator with 176 pixels
[2025-03-29 19:11:44] INFO - LED strip emulator began
[2025-03-29 19:11:44] INFO - Found 6 songs
[2025-03-29 19:11:44] INFO - Found 0 MIDI ports
[2025-03-29 19:11:44] INFO - Mock: update_led_note_offsets
[2025-03-29 19:11:44] INFO - Mock LCD menu initialized
[2025-03-29 19:11:44] INFO - Namespace(clear=False, display=None, fontdir=None, port=5000, skipupdate=False, webinterface=True, rotatescreen='false', appmode='platform', leddriver='rpi_ws281x')
[2025-03-29 19:11:44] INFO - Mock: update_multicolor with 3 colors
[2025-03-29 19:11:44] DEBUG - Mock LCD show: position=default, location=menu
[2025-03-29 19:11:44] INFO - Starting webinterface
[2025-03-29 19:11:44] INFO - WebSocket listening on: 192.168.50.11:8765
[2025-03-29 19:11:44] INFO - LED Emulator WebSocket URL: ws://192.168.50.11:8765/ledemu
[2025-03-29 19:11:44] INFO - Learning WebSocket URL: ws://192.168.50.11:8765/learning
[2025-03-29 19:18:33] INFO - Cache not found
[2025-03-29 19:18:33] WARNING - Converting failed
[2025-03-29 19:18:38] WARNING - 'NoneType' object has no attribute 'send'
[2025-03-29 19:22:39] WARNING - RPi GPIO failed, using null driver.
[2025-03-29 19:22:39] WARNING - Module rpi_ws281x not found, using null driver.
[2025-03-29 19:22:39] WARNING - Module spidev not found.
[2025-03-29 19:22:39] INFO - Starting development server for Illumino web interface
[2025-03-29 19:22:39] INFO - Platform detection: Raspberry Pi = False, Development mode = True
[2025-03-29 19:22:39] INFO - Platform detection: Raspberry Pi = False, Development mode = True
[2025-03-29 19:22:39] INFO - Platform detection: Raspberry Pi = False, Development mode = True
[2025-03-29 19:22:39] INFO - Platform detection: Raspberry Pi = False, Development mode = True
[2025-03-29 19:22:39] INFO - Using null platform implementation
[2025-03-29 19:22:39] INFO - no play port
[2025-03-29 19:22:39] INFO - Platform detection: Raspberry Pi = False, Development mode = True
[2025-03-29 19:22:39] INFO - Initialized LED strip emulator with 176 pixels
[2025-03-29 19:22:39] INFO - LED strip emulator began
[2025-03-29 19:22:39] INFO - Found 6 songs
[2025-03-29 19:22:39] INFO - Found 0 MIDI ports
[2025-03-29 19:22:39] INFO - Mock: update_led_note_offsets
[2025-03-29 19:22:39] INFO - Mock LCD menu initialized
[2025-03-29 19:22:39] INFO - Namespace(clear=False, display=None, fontdir=None, port=5000, skipupdate=False, webinterface=True, rotatescreen='false', appmode='platform', leddriver='rpi_ws281x')
[2025-03-29 19:22:39] INFO - Mock: update_multicolor with 3 colors
[2025-03-29 19:22:39] DEBUG - Mock LCD show: position=default, location=menu
[2025-03-29 19:22:39] INFO - Starting webinterface
[2025-03-29 19:22:39] INFO - WebSocket listening on: 192.168.50.11:8765
[2025-03-29 19:22:39] INFO - LED Emulator WebSocket URL: ws://192.168.50.11:8765/ledemu
[2025-03-29 19:22:39] INFO - Learning WebSocket URL: ws://192.168.50.11:8765/learning
[2025-03-29 19:23:36] INFO - Mock LCD message: Recording started - 
[2025-03-29 19:23:39] INFO - Mock LCD message: File saved - 2025-03-29 19:23.mid
[2025-03-29 19:23:47] INFO - Mock LCD message: Recording started - 
[2025-03-29 19:23:53] INFO - Mock LCD message: File saved - 2025-03-29 19:23.mid
[2025-04-01 13:46:02] WARNING - RPi GPIO failed, using null driver.
[2025-04-01 13:46:02] WARNING - Module rpi_ws281x not found, using null driver.
[2025-04-01 13:46:02] WARNING - Module spidev not found.
[2025-04-01 13:46:04] INFO - Starting development server for Illumino web interface
[2025-04-01 13:46:04] INFO - Platform detection: Raspberry Pi = False, Development mode = True
[2025-04-01 13:46:04] INFO - Platform detection: Raspberry Pi = False, Development mode = True
[2025-04-01 13:46:04] INFO - Platform detection: Raspberry Pi = False, Development mode = True
[2025-04-01 13:46:04] INFO - Platform detection: Raspberry Pi = False, Development mode = True
[2025-04-01 13:46:04] INFO - Using null platform implementation
[2025-04-01 13:46:04] WARNING - Can't load settings file, restoring defaults
[2025-04-01 13:46:04] INFO - no play port
[2025-04-01 13:46:04] INFO - Platform detection: Raspberry Pi = False, Development mode = True
[2025-04-01 13:46:04] INFO - Initialized LED strip emulator with 176 pixels
[2025-04-01 13:46:04] INFO - LED strip emulator began
[2025-04-01 13:46:04] INFO - Found 7 songs
[2025-04-01 13:46:04] INFO - Found 0 MIDI ports
[2025-04-01 13:46:04] INFO - Mock: update_led_note_offsets
[2025-04-01 13:46:04] INFO - Mock LCD menu initialized
[2025-04-01 13:46:04] INFO - Namespace(clear=False, display=None, fontdir=None, port=5000, skipupdate=False, webinterface=True, rotatescreen='false', appmode='platform', leddriver='rpi_ws281x')
[2025-04-01 13:46:04] INFO - Mock: update_multicolor with 3 colors
[2025-04-01 13:46:04] DEBUG - Mock LCD show: position=default, location=menu
[2025-04-01 13:46:04] INFO - Starting webinterface
[2025-04-01 13:46:04] INFO - WebSocket listening on: 192.168.169.64:8765
[2025-04-01 13:46:04] INFO - LED Emulator WebSocket URL: ws://192.168.169.64:8765/ledemu
[2025-04-01 13:46:04] INFO - Learning WebSocket URL: ws://192.168.169.64:8765/learning
[2025-04-01 14:00:12] INFO - Mock LCD message: Playing:  - Taylor Swift - Cruel Summer (Easy).mid
[2025-04-01 14:00:12] INFO - Mock LCD message: Taylor Swift - Cruel Summer (Easy).mid - Error while playing song 'NoneType' object has no attribute 'send'
[2025-04-01 14:00:12] WARNING - 'NoneType' object has no attribute 'send'
[2025-04-01 14:00:32] INFO - Mock LCD message: Playing:  - Ludwig van Beethoven - Fur Elise.mid
[2025-04-01 14:00:32] INFO - Mock LCD message: Ludwig van Beethoven - Fur Elise.mid - Error while playing song 'NoneType' object has no attribute 'send'
[2025-04-01 14:00:32] WARNING - 'NoneType' object has no attribute 'send'
[2025-04-01 14:00:40] INFO - Cache not found
[2025-04-01 14:00:40] WARNING - Converting failed
[2025-04-01 14:01:10] WARNING - Converting failed
[2025-04-01 14:01:21] WARNING - 'NoneType' object has no attribute 'send'
[2025-04-01 14:02:27] INFO - Mock LCD message: Playing:  - Right_Here_Waiting.mid
[2025-04-01 14:02:27] INFO - Mock LCD message: Right_Here_Waiting.mid - Error while playing song 'NoneType' object has no attribute 'send'
[2025-04-01 14:02:27] WARNING - 'NoneType' object has no attribute 'send'
[2025-04-01 14:02:33] WARNING - 'NoneType' object has no attribute 'send'
[2025-04-01 14:08:34] INFO - Loading song from cache
[2025-04-01 14:08:34] WARNING - Converting failed
[2025-04-01 14:10:15] INFO - Loading song from cache
[2025-04-01 14:10:15] WARNING - Converting failed
[2025-04-01 14:10:27] WARNING - 'NoneType' object has no attribute 'send'
[2025-04-01 14:16:43] WARNING - Converting failed
[2025-04-01 14:29:36] WARNING - RPi GPIO failed, using null driver.
[2025-04-01 14:29:36] WARNING - Module rpi_ws281x not found, using null driver.
[2025-04-01 14:29:36] WARNING - Module spidev not found.
[2025-04-01 14:29:37] INFO - Starting development server for Illumino web interface
[2025-04-01 14:29:37] INFO - Platform detection: Raspberry Pi = False, Development mode = True
[2025-04-01 14:29:37] INFO - Platform detection: Raspberry Pi = False, Development mode = True
[2025-04-01 14:29:37] INFO - Platform detection: Raspberry Pi = False, Development mode = True
[2025-04-01 14:29:37] INFO - Platform detection: Raspberry Pi = False, Development mode = True
[2025-04-01 14:29:37] INFO - Using null platform implementation
[2025-04-01 14:29:37] INFO - no play port
[2025-04-01 14:29:37] INFO - Platform detection: Raspberry Pi = False, Development mode = True
[2025-04-01 14:29:37] INFO - Initialized LED strip emulator with 176 pixels
[2025-04-01 14:29:37] INFO - LED strip emulator began
[2025-04-01 14:29:37] INFO - Found 8 songs
[2025-04-01 14:29:37] INFO - Found 0 MIDI ports
[2025-04-01 14:29:37] INFO - Mock: update_led_note_offsets
[2025-04-01 14:29:37] INFO - Mock LCD menu initialized
[2025-04-01 14:29:37] INFO - Namespace(clear=False, display=None, fontdir=None, port=5000, skipupdate=False, webinterface=True, rotatescreen='false', appmode='platform', leddriver='rpi_ws281x')
[2025-04-01 14:29:38] INFO - Mock: update_multicolor with 3 colors
[2025-04-01 14:29:38] DEBUG - Mock LCD show: position=default, location=menu
[2025-04-01 14:29:38] INFO - Starting webinterface
[2025-04-01 14:29:38] INFO - WebSocket listening on: 192.168.169.64:8765
[2025-04-01 14:29:38] INFO - LED Emulator WebSocket URL: ws://192.168.169.64:8765/ledemu
[2025-04-01 14:29:38] INFO - Learning WebSocket URL: ws://192.168.169.64:8765/learning
[2025-04-01 14:30:10] INFO - Loading song from cache
[2025-04-01 14:30:10] WARNING - Converting failed
[2025-04-01 14:36:08] WARNING - RPi GPIO failed, using null driver.
[2025-04-01 14:36:08] WARNING - Module rpi_ws281x not found, using null driver.
[2025-04-01 14:36:08] WARNING - Module spidev not found.
[2025-04-01 14:36:08] INFO - Starting development server for Illumino web interface
[2025-04-01 14:36:08] INFO - Platform detection: Raspberry Pi = False, Development mode = True
[2025-04-01 14:36:08] INFO - Platform detection: Raspberry Pi = False, Development mode = True
[2025-04-01 14:36:08] INFO - Platform detection: Raspberry Pi = False, Development mode = True
[2025-04-01 14:36:08] INFO - Platform detection: Raspberry Pi = False, Development mode = True
[2025-04-01 14:36:08] INFO - Using null platform implementation
[2025-04-01 14:36:08] INFO - no play port
[2025-04-01 14:36:08] INFO - Platform detection: Raspberry Pi = False, Development mode = True
[2025-04-01 14:36:08] INFO - Initialized LED strip emulator with 176 pixels
[2025-04-01 14:36:08] INFO - LED strip emulator began
[2025-04-01 14:36:08] INFO - Found 8 songs
[2025-04-01 14:36:08] INFO - Found 0 MIDI ports
[2025-04-01 14:36:08] INFO - Mock: update_led_note_offsets
[2025-04-01 14:36:08] INFO - Mock LCD menu initialized
[2025-04-01 14:36:08] INFO - Namespace(clear=False, display=None, fontdir=None, port=5000, skipupdate=False, webinterface=True, rotatescreen='false', appmode='platform', leddriver='rpi_ws281x')
[2025-04-01 14:36:08] INFO - Mock: update_multicolor with 3 colors
[2025-04-01 14:36:08] DEBUG - Mock LCD show: position=default, location=menu
[2025-04-01 14:36:08] INFO - Starting webinterface
[2025-04-01 14:36:08] INFO - WebSocket listening on: 192.168.169.64:8765
[2025-04-01 14:36:08] INFO - LED Emulator WebSocket URL: ws://192.168.169.64:8765/ledemu
[2025-04-01 14:36:08] INFO - Learning WebSocket URL: ws://192.168.169.64:8765/learning
[2025-04-01 14:36:32] INFO - Loading song from cache
[2025-04-01 14:36:32] WARNING - Converting failed
[2025-04-01 15:28:37] WARNING - RPi GPIO failed, using null driver.
[2025-04-01 15:28:37] WARNING - Module rpi_ws281x not found, using null driver.
[2025-04-01 15:28:37] WARNING - Module spidev not found.
[2025-04-01 15:28:39] INFO - Starting development server for Illumino web interface
[2025-04-01 15:28:39] INFO - Platform detection: Raspberry Pi = False, Development mode = True
[2025-04-01 15:28:39] INFO - Platform detection: Raspberry Pi = False, Development mode = True
[2025-04-01 15:28:39] INFO - Platform detection: Raspberry Pi = False, Development mode = True
[2025-04-01 15:28:39] INFO - Platform detection: Raspberry Pi = False, Development mode = True
[2025-04-01 15:28:39] INFO - Using null platform implementation
[2025-04-01 15:28:39] INFO - no play port
[2025-04-01 15:28:39] INFO - Platform detection: Raspberry Pi = False, Development mode = True
[2025-04-01 15:28:39] INFO - Initialized LED strip emulator with 176 pixels
[2025-04-01 15:28:39] INFO - LED strip emulator began
[2025-04-01 15:28:39] INFO - Found 8 songs
[2025-04-01 15:28:39] INFO - Found 0 MIDI ports
[2025-04-01 15:28:39] INFO - Mock: update_led_note_offsets
[2025-04-01 15:28:39] INFO - Mock LCD menu initialized
[2025-04-01 15:28:39] INFO - Namespace(clear=False, display=None, fontdir=None, port=5000, skipupdate=False, webinterface=True, rotatescreen='false', appmode='platform', leddriver='rpi_ws281x')
[2025-04-01 15:28:39] INFO - Mock: update_multicolor with 3 colors
[2025-04-01 15:28:39] DEBUG - Mock LCD show: position=default, location=menu
[2025-04-01 15:28:39] INFO - Starting webinterface
[2025-04-01 15:28:39] INFO - WebSocket listening on: 192.168.169.64:8765
[2025-04-01 15:28:39] INFO - LED Emulator WebSocket URL: ws://192.168.169.64:8765/ledemu
[2025-04-01 15:28:39] INFO - Learning WebSocket URL: ws://192.168.169.64:8765/learning
[2025-04-01 15:28:53] INFO - Loading song from cache
[2025-04-01 15:28:53] WARNING - Converting failed
[2025-04-02 12:44:58] WARNING - RPi GPIO failed, using null driver.
[2025-04-02 12:44:58] WARNING - Module rpi_ws281x not found, using null driver.
[2025-04-02 12:44:58] WARNING - Module spidev not found.
[2025-04-02 12:45:01] INFO - Starting development server for Illumino web interface
[2025-04-02 12:45:01] INFO - Platform detection: Raspberry Pi = False, Development mode = True
[2025-04-02 12:45:01] INFO - Platform detection: Raspberry Pi = False, Development mode = True
[2025-04-02 12:45:01] INFO - Platform detection: Raspberry Pi = False, Development mode = True
[2025-04-02 12:45:01] INFO - Platform detection: Raspberry Pi = False, Development mode = True
[2025-04-02 12:45:01] INFO - Using null platform implementation
[2025-04-02 12:45:01] INFO - no play port
[2025-04-02 12:45:01] INFO - Platform detection: Raspberry Pi = False, Development mode = True
[2025-04-02 12:45:01] INFO - Initialized LED strip emulator with 176 pixels
[2025-04-02 12:45:01] INFO - LED strip emulator began
[2025-04-02 12:45:01] INFO - Found 8 songs
[2025-04-02 12:45:01] INFO - Found 0 MIDI ports
[2025-04-02 12:45:01] INFO - Mock: update_led_note_offsets
[2025-04-02 12:45:01] INFO - Mock LCD menu initialized
[2025-04-02 12:45:01] INFO - Namespace(clear=False, display=None, fontdir=None, port=5000, skipupdate=False, webinterface=True, rotatescreen='false', appmode='platform', leddriver='rpi_ws281x')
[2025-04-02 12:45:01] INFO - Mock: update_multicolor with 3 colors
[2025-04-02 12:45:01] DEBUG - Mock LCD show: position=default, location=menu
[2025-04-02 12:45:01] INFO - Starting webinterface
[2025-04-02 12:45:01] INFO - WebSocket listening on: 192.168.169.64:8765
[2025-04-02 12:45:01] INFO - LED Emulator WebSocket URL: ws://192.168.169.64:8765/ledemu
[2025-04-02 12:45:01] INFO - Learning WebSocket URL: ws://192.168.169.64:8765/learning
[2025-04-02 12:45:21] INFO - Loading song from cache
[2025-04-02 12:45:21] WARNING - Converting failed
[2025-04-02 13:04:28] WARNING - RPi GPIO failed, using null driver.
[2025-04-02 13:04:28] WARNING - Module rpi_ws281x not found, using null driver.
[2025-04-02 13:04:28] WARNING - Module spidev not found.
[2025-04-02 13:04:28] INFO - Starting development server for Illumino web interface
[2025-04-02 13:04:28] INFO - Platform detection: Raspberry Pi = False, Development mode = True
[2025-04-02 13:04:28] INFO - Platform detection: Raspberry Pi = False, Development mode = True
[2025-04-02 13:04:28] INFO - Platform detection: Raspberry Pi = False, Development mode = True
[2025-04-02 13:04:28] INFO - Platform detection: Raspberry Pi = False, Development mode = True
[2025-04-02 13:04:28] INFO - Using null platform implementation
[2025-04-02 13:04:28] INFO - no play port
[2025-04-02 13:04:28] INFO - Platform detection: Raspberry Pi = False, Development mode = True
[2025-04-02 13:04:28] INFO - Initialized LED strip emulator with 176 pixels
[2025-04-02 13:04:28] INFO - LED strip emulator began
[2025-04-02 13:04:28] INFO - Found 8 songs
[2025-04-02 13:04:28] INFO - Found 0 MIDI ports
[2025-04-02 13:04:28] INFO - Mock: update_led_note_offsets
[2025-04-02 13:04:28] INFO - Mock LCD menu initialized
[2025-04-02 13:04:28] INFO - Namespace(clear=False, display=None, fontdir=None, port=5000, skipupdate=False, webinterface=True, rotatescreen='false', appmode='platform', leddriver='rpi_ws281x')
[2025-04-02 13:04:29] INFO - Mock: update_multicolor with 3 colors
[2025-04-02 13:04:29] DEBUG - Mock LCD show: position=default, location=menu
[2025-04-02 13:04:29] INFO - Starting webinterface
[2025-04-02 13:04:29] INFO - WebSocket listening on: 192.168.169.64:8765
[2025-04-02 13:04:29] INFO - LED Emulator WebSocket URL: ws://192.168.169.64:8765/ledemu
[2025-04-02 13:04:29] INFO - Learning WebSocket URL: ws://192.168.169.64:8765/learning
[2025-04-02 13:04:42] INFO - Loading song from cache
[2025-04-02 13:04:42] WARNING - Converting failed
[2025-04-02 13:16:55] WARNING - RPi GPIO failed, using null driver.
[2025-04-02 13:16:55] WARNING - Module rpi_ws281x not found, using null driver.
[2025-04-02 13:16:55] WARNING - Module spidev not found.
[2025-04-02 13:16:56] INFO - Starting development server for Illumino web interface
[2025-04-02 13:16:56] INFO - Platform detection: Raspberry Pi = False, Development mode = True
[2025-04-02 13:16:56] INFO - Platform detection: Raspberry Pi = False, Development mode = True
[2025-04-02 13:16:56] INFO - Platform detection: Raspberry Pi = False, Development mode = True
[2025-04-02 13:16:56] INFO - Platform detection: Raspberry Pi = False, Development mode = True
[2025-04-02 13:16:56] INFO - Using null platform implementation
[2025-04-02 13:16:56] INFO - no play port
[2025-04-02 13:16:56] INFO - Platform detection: Raspberry Pi = False, Development mode = True
[2025-04-02 13:16:56] INFO - Initialized LED strip emulator with 176 pixels
[2025-04-02 13:16:56] INFO - LED strip emulator began
[2025-04-02 13:16:56] INFO - Found 8 songs
[2025-04-02 13:16:56] INFO - Found 0 MIDI ports
[2025-04-02 13:16:56] INFO - Mock: update_led_note_offsets
[2025-04-02 13:16:56] INFO - Mock LCD menu initialized
[2025-04-02 13:16:56] INFO - Namespace(clear=False, display=None, fontdir=None, port=5000, skipupdate=False, webinterface=True, rotatescreen='false', appmode='platform', leddriver='rpi_ws281x')
[2025-04-02 13:16:56] INFO - Mock: update_multicolor with 3 colors
[2025-04-02 13:16:56] DEBUG - Mock LCD show: position=default, location=menu
[2025-04-02 13:16:56] INFO - Starting webinterface
[2025-04-02 13:16:56] INFO - WebSocket listening on: 192.168.169.64:8765
[2025-04-02 13:16:56] INFO - LED Emulator WebSocket URL: ws://192.168.169.64:8765/ledemu
[2025-04-02 13:16:56] INFO - Learning WebSocket URL: ws://192.168.169.64:8765/learning
[2025-04-02 13:17:27] INFO - Loading song from cache
[2025-04-02 13:17:27] WARNING - Converting failed
[2025-04-02 17:53:52] WARNING - RPi GPIO failed, using null driver.
[2025-04-02 17:53:52] WARNING - Module rpi_ws281x not found, using null driver.
[2025-04-02 17:53:52] WARNING - Module spidev not found.
[2025-04-02 17:53:53] INFO - Starting development server for Illumino web interface
[2025-04-02 17:53:53] INFO - Platform detection: Raspberry Pi = False, Development mode = True
[2025-04-02 17:53:53] INFO - Platform detection: Raspberry Pi = False, Development mode = True
[2025-04-02 17:53:53] INFO - Platform detection: Raspberry Pi = False, Development mode = True
[2025-04-02 17:53:53] INFO - Platform detection: Raspberry Pi = False, Development mode = True
[2025-04-02 17:53:53] INFO - Using null platform implementation
[2025-04-02 17:53:53] INFO - no play port
[2025-04-02 17:53:53] INFO - Platform detection: Raspberry Pi = False, Development mode = True
[2025-04-02 17:53:53] INFO - Initialized LED strip emulator with 176 pixels
[2025-04-02 17:53:53] INFO - LED strip emulator began
[2025-04-02 17:53:53] ERROR - Unhandled Exception: 
Traceback (most recent call last):
  File "c:\Users\Owner\Illumino\Illumino\Illumino\dev_server.py", line 85, in <module>
    main()
  File "c:\Users\Owner\Illumino\Illumino\Illumino\dev_server.py", line 53, in main
    component_initializer = ComponentInitializer(illumino_args)
                            ^^^^^^^^^^^^^^^^^^^^^^^^^^^^^^^^^^^
  File "C:\Users\Owner\Illumino\Illumino\Illumino\lib\component_initializer.py", line 34, in __init__
    self.learning = LearnMIDI(self.usersettings, self.ledsettings, self.midiports, self.ledstrip)
                    ^^^^^^^^^^^^^^^^^^^^^^^^^^^^^^^^^^^^^^^^^^^^^^^^^^^^^^^^^^^^^^^^^^^^^^^^^^^^^
  File "C:\Users\Owner\Illumino\Illumino\Illumino\lib\learnmidi.py", line 43, in __init__
    self.score_manager = ScoreManager(usersettings)
                         ^^^^^^^^^^^^^^^^^^^^^^^^^^
  File "C:\Users\Owner\Illumino\Illumino\Illumino\lib\score_manager.py", line 18, in __init__
    usersettings.change_setting_value("score_base_score", self.base_score)
  File "C:\Users\Owner\Illumino\Illumino\Illumino\lib\usersettings.py", line 69, in change_setting_value
    self.set(name, value)
  File "C:\Users\Owner\Illumino\Illumino\Illumino\lib\usersettings.py", line 66, in set
    self.__setitem__(key, value)
  File "C:\Users\Owner\Illumino\Illumino\Illumino\lib\usersettings.py", line 57, in __setitem__
    self._xml_set(key, val)
  File "C:\Users\Owner\Illumino\Illumino\Illumino\lib\usersettings.py", line 91, in _xml_set
    raise Exception("XML path not found: " + xpath)
Exception: XML path not found: score_base_score
[2025-04-02 17:55:52] WARNING - RPi GPIO failed, using null driver.
[2025-04-02 17:55:52] WARNING - Module rpi_ws281x not found, using null driver.
[2025-04-02 17:55:52] WARNING - Module spidev not found.
[2025-04-02 17:55:52] INFO - Starting development server for Illumino web interface
[2025-04-02 17:55:52] INFO - Platform detection: Raspberry Pi = False, Development mode = True
[2025-04-02 17:55:52] INFO - Platform detection: Raspberry Pi = False, Development mode = True
[2025-04-02 17:55:52] INFO - Platform detection: Raspberry Pi = False, Development mode = True
[2025-04-02 17:55:52] INFO - Platform detection: Raspberry Pi = False, Development mode = True
[2025-04-02 17:55:52] INFO - Using null platform implementation
[2025-04-02 17:55:52] INFO - no play port
[2025-04-02 17:55:52] INFO - Platform detection: Raspberry Pi = False, Development mode = True
[2025-04-02 17:55:52] INFO - Initialized LED strip emulator with 176 pixels
[2025-04-02 17:55:52] INFO - LED strip emulator began
[2025-04-02 17:55:52] INFO - Found 8 songs
[2025-04-02 17:55:52] INFO - Found 0 MIDI ports
[2025-04-02 17:55:52] INFO - Mock: update_led_note_offsets
[2025-04-02 17:55:52] INFO - Mock LCD menu initialized
[2025-04-02 17:55:52] INFO - Namespace(clear=False, display=None, fontdir=None, port=5000, skipupdate=False, webinterface=True, rotatescreen='false', appmode='platform', leddriver='rpi_ws281x')
[2025-04-02 17:55:53] INFO - Mock: update_multicolor with 3 colors
[2025-04-02 17:55:53] DEBUG - Mock LCD show: position=default, location=menu
[2025-04-02 17:55:53] INFO - Starting webinterface
[2025-04-02 17:55:53] INFO - WebSocket listening on: 192.168.169.64:8765
[2025-04-02 17:55:53] INFO - LED Emulator WebSocket URL: ws://192.168.169.64:8765/ledemu
[2025-04-02 17:55:53] INFO - Learning WebSocket URL: ws://192.168.169.64:8765/learning
[2025-04-02 17:56:18] INFO - Loading song from cache
[2025-04-02 17:56:18] WARNING - Converting failed
[2025-04-02 17:56:32] INFO - Loading song from cache
[2025-04-02 17:56:32] WARNING - Converting failed
[2025-04-02 17:56:34] WARNING - Converting failed
[2025-04-02 17:57:32] WARNING - Converting failed
[2025-04-02 17:58:12] WARNING - RPi GPIO failed, using null driver.
[2025-04-02 17:58:12] WARNING - Module rpi_ws281x not found, using null driver.
[2025-04-02 17:58:12] WARNING - Module spidev not found.
[2025-04-02 17:58:12] INFO - Starting development server for Illumino web interface
[2025-04-02 17:58:12] INFO - Platform detection: Raspberry Pi = False, Development mode = True
[2025-04-02 17:58:12] INFO - Platform detection: Raspberry Pi = False, Development mode = True
[2025-04-02 17:58:12] INFO - Platform detection: Raspberry Pi = False, Development mode = True
[2025-04-02 17:58:12] INFO - Platform detection: Raspberry Pi = False, Development mode = True
[2025-04-02 17:58:12] INFO - Using null platform implementation
[2025-04-02 17:58:13] INFO - no play port
[2025-04-02 17:58:13] INFO - Platform detection: Raspberry Pi = False, Development mode = True
[2025-04-02 17:58:13] INFO - Initialized LED strip emulator with 176 pixels
[2025-04-02 17:58:13] INFO - LED strip emulator began
[2025-04-02 17:58:13] INFO - Found 8 songs
[2025-04-02 17:58:13] INFO - Found 0 MIDI ports
[2025-04-02 17:58:13] INFO - Mock: update_led_note_offsets
[2025-04-02 17:58:13] INFO - Mock LCD menu initialized
[2025-04-02 17:58:13] INFO - Namespace(clear=False, display=None, fontdir=None, port=5000, skipupdate=False, webinterface=True, rotatescreen='false', appmode='platform', leddriver='rpi_ws281x')
[2025-04-02 17:58:13] INFO - Mock: update_multicolor with 3 colors
[2025-04-02 17:58:13] DEBUG - Mock LCD show: position=default, location=menu
[2025-04-02 17:58:13] INFO - Starting webinterface
[2025-04-02 17:58:13] INFO - WebSocket listening on: 192.168.169.64:8765
[2025-04-02 17:58:13] INFO - LED Emulator WebSocket URL: ws://192.168.169.64:8765/ledemu
[2025-04-02 17:58:13] INFO - Learning WebSocket URL: ws://192.168.169.64:8765/learning
[2025-04-02 17:58:31] INFO - Loading song from cache
[2025-04-02 17:58:31] WARNING - Converting failed
